2025-03-14 11:29:41.766663 - rocketbot - INFO - request: busqueda_mercadolibre : line 6.1 - rpascripts : module  id: 9f961f0a-f43d-63b7-9f83-46fea0201167 -  - {"module_name":"gmail_","module":"conf_mail","from":"{correo}","password":"{pass}","var_":"esperar"}
2025-03-14 11:32:14.079042 - rocketbot - INFO - request: busqueda_mercadolibre : line 6.2 - rpalogic : evaluateIf  id: 2f8e6335-284c-5caa-fb15-fb3bb82a1eba -  - {esperar}
2025-03-14 11:32:14.338502 - rocketbot - INFO - request: busqueda_mercadolibre : line 6.2.1 - rpascripts : module  id: 7871d31e-df2f-d90d-7ab7-73159e460689 -  - {"module_name":"gmail_","module":"send_mail","to":"{correo}","subject":"Productos destacados","body":"Hola!\n\nHemos encontrado los siguientes productos que creemos podrían interesarte.\nÉchales un vistazo!","attached_file":"{path_res}/suplementos_deportivos.xlsx"}
2025-03-14 11:40:04.095474 - rocketbot - INFO - request: busqueda_mercadolibre : line 7.1 - rpascripts : module  id: fd61bc82-1f08-85d7-48ed-7d655279e731 -  - {"module_name":"gmail_","module":"get_unread","filtro":"SUBJECT \"{subject}\"","var_":"correos_recibidos"}
2025-03-14 11:40:04.107879 - Rocketbot - ERROR - EXCEPTION IN (<string> Rocketbot, L_342 ""): gaierror: [Errno 11001] getaddrinfo failed
2025-03-14 11:40:04.109873 - script - ERROR - EXCEPTION IN (<string> script, L_185 ""): gaierror: [Errno 11001] getaddrinfo failed
2025-03-14 11:40:12.951701 - rocketbot - INFO - request: busqueda_mercadolibre : line 6.1 - rpascripts : module  id: 9f961f0a-f43d-63b7-9f83-46fea0201167 -  - {"module_name":"gmail_","module":"conf_mail","from":"{correo}","password":"{pass}","var_":"esperar"}
2025-03-14 11:40:12.959572 - Rocketbot - ERROR - EXCEPTION IN (<string> Rocketbot, L_107 ""): gaierror: [Errno 11001] getaddrinfo failed
2025-03-14 11:40:20.474882 - rocketbot - INFO - request: busqueda_mercadolibre : line 7.1 - rpascripts : module  id: fd61bc82-1f08-85d7-48ed-7d655279e731 -  - {"module_name":"gmail_","module":"get_unread","filtro":"SUBJECT \"{subject}\"","var_":"correos_recibidos"}
2025-03-14 11:40:20.481674 - Rocketbot - ERROR - EXCEPTION IN (<string> Rocketbot, L_342 ""): gaierror: [Errno 11001] getaddrinfo failed
2025-03-14 11:40:20.482670 - script - ERROR - EXCEPTION IN (<string> script, L_185 ""): gaierror: [Errno 11001] getaddrinfo failed
2025-03-14 11:40:33.667278 - rocketbot - INFO - request: busqueda_mercadolibre : line 7.1 - rpascripts : module  id: fd61bc82-1f08-85d7-48ed-7d655279e731 -  - {"module_name":"gmail_","module":"get_unread","filtro":"SUBJECT {subject}","var_":"correos_recibidos"}
2025-03-14 11:40:33.678313 - Rocketbot - ERROR - EXCEPTION IN (<string> Rocketbot, L_342 ""): gaierror: [Errno 11001] getaddrinfo failed
2025-03-14 11:40:33.679392 - script - ERROR - EXCEPTION IN (<string> script, L_185 ""): gaierror: [Errno 11001] getaddrinfo failed
2025-03-14 12:11:05.836095 - rocketbot - INFO - request: busqueda_mercadolibre : line 7.1 - rpascripts : module  id: fd61bc82-1f08-85d7-48ed-7d655279e731 -  - {"module_name":"gmail_","module":"get_unread","filtro":"SUBJECT {subject}","var_":"correos_recibidos"}
2025-03-14 12:11:10.047055 - Rocketbot - ERROR - EXCEPTION IN (<string> Rocketbot, L_352 ""): error: SEARCH command error: BAD [b'Could not parse command']
2025-03-14 12:11:10.049427 - script - ERROR - EXCEPTION IN (<string> script, L_185 ""): error: SEARCH command error: BAD [b'Could not parse command']
2025-03-14 12:11:23.186959 - rocketbot - INFO - request: busqueda_mercadolibre : line 6.1 - rpascripts : module  id: 9f961f0a-f43d-63b7-9f83-46fea0201167 -  - {"module_name":"gmail_","module":"conf_mail","from":"{correo}","password":"{pass}","var_":"esperar"}
2025-03-14 12:11:30.800288 - rocketbot - INFO - request: busqueda_mercadolibre : line 7.1 - rpascripts : module  id: fd61bc82-1f08-85d7-48ed-7d655279e731 -  - {"module_name":"gmail_","module":"get_unread","filtro":"SUBJECT {subject}","var_":"correos_recibidos"}
2025-03-14 12:11:32.779111 - Rocketbot - ERROR - EXCEPTION IN (<string> Rocketbot, L_352 ""): error: SEARCH command error: BAD [b'Could not parse command']
2025-03-14 12:11:32.780295 - script - ERROR - EXCEPTION IN (<string> script, L_185 ""): error: SEARCH command error: BAD [b'Could not parse command']
2025-03-14 12:11:45.277371 - rocketbot - INFO - request: busqueda_mercadolibre : line 6.2 - rpalogic : evaluateIf  id: 2f8e6335-284c-5caa-fb15-fb3bb82a1eba -  - {esperar}
2025-03-14 12:11:45.615023 - rocketbot - INFO - request: busqueda_mercadolibre : line 6.2.1 - rpascripts : module  id: 7871d31e-df2f-d90d-7ab7-73159e460689 -  - {"module_name":"gmail_","module":"send_mail","to":"{correo}","subject":"{subject}","body":"Hola!\n\nHemos encontrado los siguientes productos que creemos podrían interesarte.\n\nÉchales un vistazo!","attached_file":"{path_res}/suplementos_deportivos.xlsx"}
2025-03-14 12:12:25.349686 - rocketbot - INFO - request: busqueda_mercadolibre : line 7.1 - rpascripts : module  id: fd61bc82-1f08-85d7-48ed-7d655279e731 -  - {"module_name":"gmail_","module":"get_unread","filtro":"SUBJECT {subject}","var_":"correos_recibidos"}
2025-03-14 12:12:27.166102 - Rocketbot - ERROR - EXCEPTION IN (<string> Rocketbot, L_352 ""): error: SEARCH command error: BAD [b'Could not parse command']
2025-03-14 12:12:27.167545 - script - ERROR - EXCEPTION IN (<string> script, L_185 ""): error: SEARCH command error: BAD [b'Could not parse command']
2025-03-14 12:12:49.008713 - rocketbot - INFO - request: busqueda_mercadolibre : line 7 - rpalogic : group  id: 650b73f4-c377-5afc-ac28-bd57828dab4b -  - 
2025-03-14 12:12:49.363092 - rocketbot - INFO - request: busqueda_mercadolibre : line 7.1 - rpascripts : module  id: ae95f070-f394-c833-18a0-7d50ac150c41 -  - {"module_name":"gmail_","module":"conf_mail","from":"{correo}","password":"{pass}"}
2025-03-14 12:12:56.188334 - rocketbot - INFO - request: busqueda_mercadolibre : line 7.2 - rpascripts : module  id: fd61bc82-1f08-85d7-48ed-7d655279e731 -  - {"module_name":"gmail_","module":"get_unread","filtro":"SUBJECT {subject}","var_":"correos_recibidos"}
2025-03-14 12:12:59.821346 - Rocketbot - ERROR - EXCEPTION IN (<string> Rocketbot, L_352 ""): error: SEARCH command error: BAD [b'Could not parse command']
2025-03-14 12:12:59.822371 - script - ERROR - EXCEPTION IN (<string> script, L_185 ""): error: SEARCH command error: BAD [b'Could not parse command']
2025-03-14 12:13:00.148150 - rocketbot - INFO - request: busqueda_mercadolibre : line 7.3 - rpalogic : evaluateIf  id: 6fc7b29b-8040-8ad7-b03f-2ab326117d0b -  - {correos_recibidos}
2025-03-14 12:13:00.149330 - Rocketbot - ERROR - EXCEPTION IN (<string> Rocketbot, L_69 ""): SyntaxError: invalid syntax (<string>, line 1)
2025-03-14 12:13:16.422986 - rocketbot - INFO - request: busqueda_mercadolibre : line 7.2 - rpascripts : module  id: fd61bc82-1f08-85d7-48ed-7d655279e731 -  - {"module_name":"gmail_","module":"get_unread","filtro":"SUBJECT \"Productos destacados\"","var_":"correos_recibidos"}
2025-03-14 12:13:22.432164 - rocketbot - INFO - request: busqueda_mercadolibre : line 7.3 - rpalogic : evaluateIf  id: 6fc7b29b-8040-8ad7-b03f-2ab326117d0b -  - {correos_recibidos}
2025-03-14 12:13:22.767534 - rocketbot - INFO - request: busqueda_mercadolibre : line 7.3.1 - rpalogic : for  id: 249b0e5b-51b9-de7d-bf89-8fb36b4fbe13 -  - {"iterable":"{correos_recibidos}","count":0}
2025-03-14 12:13:22.768996 - rocketbot - INFO - For count: 1
2025-03-14 12:13:23.032431 - rocketbot - INFO - request: busqueda_mercadolibre : line 7.3.1 - rpalogic : for  id: 249b0e5b-51b9-de7d-bf89-8fb36b4fbe13 -  - {"iterable":"{correos_recibidos}","count":1}
2025-03-14 12:13:23.034003 - rocketbot - INFO - For count: 2
2025-03-14 12:13:23.093687 - rocketbot - INFO - request: busqueda_mercadolibre : line 7.3.1 - rpalogic : for  id: 249b0e5b-51b9-de7d-bf89-8fb36b4fbe13 -  - {"iterable":"{correos_recibidos}","count":2}
2025-03-14 12:13:23.094684 - rocketbot - INFO - For count: 2
2025-03-14 12:14:12.640107 - rocketbot - INFO - request: busqueda_mercadolibre : line 7.2 - rpascripts : module  id: fd61bc82-1f08-85d7-48ed-7d655279e731 -  - {"module_name":"gmail_","module":"get_unread","filtro":"SUBJECT \"{subject}\"","var_":"correos_recibidos"}
2025-03-14 12:22:56.008952 - rocketbot - INFO - request: busqueda_mercadolibre : line 7.2 - rpascripts : module  id: fbb1d582-8847-6de3-8ea7-3fb0b242b58f -  - {"module_name":"Files","module":"createFolder","path":"{path_main}/descargas","var_":"esperar"}
2025-03-14 12:23:12.325825 - rocketbot - INFO - request: busqueda_mercadolibre : line 7.3 - rpalogic : evaluateIf  id: 2adc4ed8-2f57-ec13-0ab3-84185dfde44e -  - {path_main}/descargas
2025-03-14 12:23:12.326830 - Rocketbot - ERROR - EXCEPTION IN (<string> Rocketbot, L_69 ""): SyntaxError: invalid syntax (<string>, line 1)
2025-03-14 12:25:04.876579 - rocketbot - INFO - request: busqueda_mercadolibre : line 1 - rpalogic : group  id: 1dca2d37-9748-2782-1950-12367995ae4b -  - 
2025-03-14 12:25:05.228611 - rocketbot - INFO - request: busqueda_mercadolibre : line 1.1 - rpasystem : setVar  id: 848d752c-c85e-2f0b-2043-1442da805184 -  - datetime.now()
2025-03-14 12:25:05.494670 - rocketbot - INFO - request: busqueda_mercadolibre : line 1.2 - rpascripts : module  id: 62c49c3f-df56-5c29-3e76-426e9455df97 -  - {"module_name":"ControlIni","module":"leerIni","content":"C:/Users/Ignacio/OneDrive/Documents/git-and-github/rocketbot_suite_1/busqueda_mercadolibre/resources/config.ini","variable":"{esperar}"}
2025-03-14 12:25:05.539043 - rocketbot - INFO - request: busqueda_mercadolibre : line 1.3 - rpalogic : evaluateIf  id: 13a555d8-de5f-aa20-2a5d-15482cb3f2ac -  - {esperar}
2025-03-14 12:25:05.818785 - rocketbot - INFO - request: busqueda_mercadolibre : line 1.3.1 - rpascripts : module  id: a3e1dbf7-b0b9-88ee-ed0a-1ee2bd9e1301 -  - {"module_name":"ControlIni","module":"obtenerDato","idseccion":"paths","iddato":"path_res","idvar":"path_res"}
2025-03-14 12:25:05.958696 - rocketbot - INFO - request: busqueda_mercadolibre : line 1.3.2 - rpascripts : module  id: a4b7dca2-cf19-f6a5-6884-23136ab3a805 -  - {"module_name":"ControlIni","module":"obtenerDato","idseccion":"paths","iddato":"path_main","idvar":"path_main"}
2025-03-14 12:25:06.144913 - rocketbot - INFO - request: busqueda_mercadolibre : line 1.4 - rpafile : savedatafile  id: 365d370d-2d1d-e7cb-9136-b2191ac0da88 -  - {"file_name":"{path_res}/custom_log.txt","type":"add","new_line":true,"file_data":"{fecha_inicio}"}
2025-03-14 12:25:18.598034 - rocketbot - INFO - request: busqueda_mercadolibre : line 7.2 - rpascripts : module  id: fbb1d582-8847-6de3-8ea7-3fb0b242b58f -  - {"module_name":"Files","module":"createFolder","path":"{path_main}/descargas","var_":"esperar"}
2025-03-14 12:25:28.985172 - rocketbot - INFO - request: busqueda_mercadolibre : line 7.2 - rpascripts : module  id: fbb1d582-8847-6de3-8ea7-3fb0b242b58f -  - {"module_name":"Files","module":"createFolder","path":"{path_main}/descargas","var_":"esperar"}
2025-03-14 12:25:28.993199 - Rocketbot - ERROR - EXCEPTION IN (<string> Rocketbot, L_299 ""): FileExistsError: [WinError 183] Cannot create a file when that file already exists: 'C:/Users/Ignacio/OneDrive/Documents/git-and-github/rocketbot_suite_1/busqueda_mercadolibre//descargas'
2025-03-14 12:25:28.995435 - Rocketbot - ERROR - EXCEPTION IN (<string> Rocketbot, L_304 ""): FileExistsError: [WinError 183] Cannot create a file when that file already exists: 'C:/Users/Ignacio/OneDrive/Documents/git-and-github/rocketbot_suite_1/busqueda_mercadolibre//descargas'
2025-03-14 12:25:28.996442 - script - ERROR - EXCEPTION IN (<string> script, L_185 ""): FileExistsError: [WinError 183] Cannot create a file when that file already exists: 'C:/Users/Ignacio/OneDrive/Documents/git-and-github/rocketbot_suite_1/busqueda_mercadolibre//descargas'
